[35m[Appium][39m Welcome to Appium v1.19.0
[35m[Appium][39m Non-default server args:
[35m[Appium][39m   port: 49766
[35m[Appium][39m   loglevel: info
[35m[Appium][39m   tmpDir: C:\Users\BRI\AppData\Local\Temp\\Katalon\Appium\Temp1607344245411
[35m[Appium][39m   chromedriverPort: 49767
[35m[Appium][39m Deprecated server args:
[35m[Appium][39m   [31m--chromedriver-port[39m => --default-capabilities
[35m[Appium][39m Default capabilities, which will be added to each request unless overridden by desired capabilities:
[35m[Appium][39m   chromedriverPort: 49767
[35m[Appium][39m Appium REST http interface listener started on 0.0.0.0:49766
[35m[HTTP][39m [37m-->[39m [37mGET[39m [37m/wd/hub/status[39m
[35m[HTTP][39m [90m{}[39m
[35m[HTTP][39m [37m<-- GET /wd/hub/status [39m[32m200[39m [90m5 ms - 68[39m
[35m[HTTP][39m [90m[39m
[35m[HTTP][39m [37m-->[39m [37mGET[39m [37m/wd/hub/status[39m
[35m[HTTP][39m [90m{}[39m
[35m[HTTP][39m [37m<-- GET /wd/hub/status [39m[32m200[39m [90m1 ms - 68[39m
[35m[HTTP][39m [90m[39m
[35m[HTTP][39m [37m-->[39m [37mPOST[39m [37m/wd/hub/session[39m
[35m[HTTP][39m [90m{"desiredCapabilities":{"app":"D:\\Final Project 2\\FINAL PROJECTS\\MOBILE\\app-debug.apk","noReset":true,"deviceName":"emulator-5554 (sdk_gphone_x86 - Android 11)","fullReset":false,"platform":"ANDROID","newCommandTimeout":1800,"platformVersion":"11","automationName":"uiautomator2","autoGrantPermissions":true,"platformName":"Android","udid":"emulator-5554","systemPort":49781},"capabilities":{"firstMatch":[{"appium:app":"D:\\Final Project 2\\FINAL PROJECTS\\MOBILE\\app-debug.apk","appium:autoGrantPermissions":true,"appium:automationName":"uiautomator2","appium:deviceName":"emulator-5554 (sdk_gphone_x86 - Android 11)","appium:fullReset":false,"appium:newCommandTimeout":1800,"appium:noReset":true,"platform":"ANDROID","platformName":"android","appium:platformVersion":"11","appium:systemPort":49781,"appium:udid":"emulator-5554"}]}}[39m
[35m[BaseDriver][39m The following capabilities are not standard capabilities and should have an extension prefix:
[35m[BaseDriver][39m   platform
[35m[BaseDriver][39m   chromedriverPort
[35m[Appium][39m Appium v1.19.0 creating new AndroidUiautomator2Driver (v1.59.0) session
[35m[BaseDriver][39m The following capabilities were provided, but are not recognized by Appium:
[35m[BaseDriver][39m   platform
[35m[BaseDriver][39m Session created with session id: eea6a5c9-a3f5-49ad-b19f-734fe331e537
[35m[BaseDriver][39m Using local app 'D:\Final Project 2\FINAL PROJECTS\MOBILE\app-debug.apk'
[35m[ADB][39m Found 1 'build-tools' folders under 'C:\Users\BRI\.katalon\tools\android_sdk' (newest first):
[35m[ADB][39m     C:/Users/BRI/.katalon/tools/android_sdk/build-tools/29.0.3
[35m[ADB][39m Using 'adb.exe' from 'C:\Users\BRI\.katalon\tools\android_sdk\platform-tools\adb.exe'
[35m[AndroidDriver][39m Retrieving device list
[35m[AndroidDriver][39m Using device: emulator-5554
[35m[ADB][39m Using 'adb.exe' from 'C:\Users\BRI\.katalon\tools\android_sdk\platform-tools\adb.exe'
[35m[ADB][39m Getting device platform version
[35m[UiAutomator2][39m Relaxing hidden api policy
[35m[ADB][39m Package name: 'com.example.mikebanks.bankscorpfinancial'
[35m[ADB][39m Main activity name: 'com.example.mikebanks.bankscorpfinancial.LaunchActivity'
[35m[ADB][39m Using 'apksigner.jar' from 'C:\Users\BRI\.katalon\tools\android_sdk\build-tools\29.0.3\lib\apksigner.jar'
[35m[ADB][39m 'C:\Users\BRI\AppData\Roaming\npm\node_modules\appium\node_modules\appium-uiautomator2-server\apks\appium-uiautomator2-server-v4.15.0.apk' is signed with the default certificate
[35m[ADB][39m 'C:\Users\BRI\AppData\Roaming\npm\node_modules\appium\node_modules\appium-uiautomator2-server\apks\appium-uiautomator2-server-debug-androidTest.apk' is signed with the default certificate
[35m[UiAutomator2][39m Server packages are not going to be (re)installed
[35m[ADB][39m 'D:\Final Project 2\FINAL PROJECTS\MOBILE\app-debug.apk' is signed with a non-default certificate
[35m[UiAutomator2][39m Starting UIAutomator2 server 4.15.0
[35m[UiAutomator2][39m Using UIAutomator2 server from 'C:\Users\BRI\AppData\Roaming\npm\node_modules\appium\node_modules\appium-uiautomator2-server\apks\appium-uiautomator2-server-v4.15.0.apk' and test from 'C:\Users\BRI\AppData\Roaming\npm\node_modules\appium\node_modules\appium-uiautomator2-server\apks\appium-uiautomator2-server-debug-androidTest.apk'
[35m[UiAutomator2][39m Waiting up to 30000ms for UiAutomator2 to be online...
[35m[WD Proxy][39m socket hang up
[35m[WD Proxy][39m socket hang up
[35m[WD Proxy][39m Determined the downstream protocol as 'W3C'
[35m[AndroidDriver][39m Screen already unlocked, doing nothing
[35m[UiAutomator2][39m Starting 'com.example.mikebanks.bankscorpfinancial/com.example.mikebanks.bankscorpfinancial.LaunchActivity and waiting for 'com.example.mikebanks.bankscorpfinancial/com.example.mikebanks.bankscorpfinancial.LaunchActivity'
[35m[Appium][39m New AndroidUiautomator2Driver session created successfully, session eea6a5c9-a3f5-49ad-b19f-734fe331e537 added to master session list
[35m[HTTP][39m [37m<-- POST /wd/hub/session [39m[32m200[39m [90m8320 ms - 1320[39m
[35m[HTTP][39m [90m[39m
[35m[HTTP][39m [37m-->[39m [37mGET[39m [37m/wd/hub/session/eea6a5c9-a3f5-49ad-b19f-734fe331e537[39m
[35m[HTTP][39m [90m{}[39m
[35m[HTTP][39m [37m<-- GET /wd/hub/session/eea6a5c9-a3f5-49ad-b19f-734fe331e537 [39m[32m200[39m [90m15 ms - 1274[39m
[35m[HTTP][39m [90m[39m
[35m[HTTP][39m [37m-->[39m [37mGET[39m [37m/wd/hub/session/eea6a5c9-a3f5-49ad-b19f-734fe331e537[39m
[35m[HTTP][39m [90m{}[39m
[35m[HTTP][39m [37m<-- GET /wd/hub/session/eea6a5c9-a3f5-49ad-b19f-734fe331e537 [39m[32m200[39m [90m18 ms - 1274[39m
[35m[HTTP][39m [90m[39m
[35m[HTTP][39m [37m-->[39m [37mGET[39m [37m/wd/hub/status[39m
[35m[HTTP][39m [90m{}[39m
[35m[HTTP][39m [37m<-- GET /wd/hub/status [39m[32m200[39m [90m1 ms - 68[39m
[35m[HTTP][39m [90m[39m
[35m[HTTP][39m [37m-->[39m [37mPOST[39m [37m/wd/hub/session/eea6a5c9-a3f5-49ad-b19f-734fe331e537/timeouts[39m
[35m[HTTP][39m [90m{"implicit":60000}[39m
[35m[HTTP][39m [37m<-- POST /wd/hub/session/eea6a5c9-a3f5-49ad-b19f-734fe331e537/timeouts [39m[32m200[39m [90m4 ms - 14[39m
[35m[HTTP][39m [90m[39m
[35m[HTTP][39m [37m-->[39m [37mGET[39m [37m/wd/hub/session/eea6a5c9-a3f5-49ad-b19f-734fe331e537/source[39m
[35m[HTTP][39m [90m{}[39m
[35m[W3C (eea6a5c9)][39m Driver proxy active, passing request on via HTTP proxy
[35m[WD Proxy][39m Replacing sessionId e4232ffb-729a-4e1a-9445-44dce03821de with eea6a5c9-a3f5-49ad-b19f-734fe331e537
[35m[HTTP][39m [37m<-- GET /wd/hub/session/eea6a5c9-a3f5-49ad-b19f-734fe331e537/source [39m[32m200[39m [90m434 ms - 10656[39m
[35m[HTTP][39m [90m[39m
[35m[HTTP][39m [37m-->[39m [37mGET[39m [37m/wd/hub/session/eea6a5c9-a3f5-49ad-b19f-734fe331e537/screenshot[39m
[35m[HTTP][39m [90m{}[39m
[35m[HTTP][39m [37m<-- GET /wd/hub/session/eea6a5c9-a3f5-49ad-b19f-734fe331e537/screenshot [39m[32m200[39m [90m433 ms - 76662[39m
[35m[HTTP][39m [90m[39m
[35m[HTTP][39m [37m-->[39m [37mPOST[39m [37m/wd/hub/session/eea6a5c9-a3f5-49ad-b19f-734fe331e537/elements[39m
[35m[HTTP][39m [90m{"using":"id","value":"com.example.mikebanks.bankscorpfinancial:id/btn_login"}[39m
[35m[HTTP][39m [37m<-- POST /wd/hub/session/eea6a5c9-a3f5-49ad-b19f-734fe331e537/elements [39m[32m200[39m [90m56 ms - 139[39m
[35m[HTTP][39m [90m[39m
[35m[HTTP][39m [37m-->[39m [37mGET[39m [37m/wd/hub/session/eea6a5c9-a3f5-49ad-b19f-734fe331e537/window/rect[39m
[35m[HTTP][39m [90m{}[39m
[35m[HTTP][39m [37m<-- GET /wd/hub/session/eea6a5c9-a3f5-49ad-b19f-734fe331e537/window/rect [39m[32m200[39m [90m14 ms - 50[39m
[35m[HTTP][39m [90m[39m
[35m[HTTP][39m [37m-->[39m [37mPOST[39m [37m/wd/hub/session/eea6a5c9-a3f5-49ad-b19f-734fe331e537/elements[39m
[35m[HTTP][39m [90m{"using":"id","value":"com.example.mikebanks.bankscorpfinancial:id/btn_login"}[39m
[35m[HTTP][39m [37m<-- POST /wd/hub/session/eea6a5c9-a3f5-49ad-b19f-734fe331e537/elements [39m[32m200[39m [90m30 ms - 139[39m
[35m[HTTP][39m [90m[39m
[35m[HTTP][39m [37m-->[39m [37mGET[39m [37m/wd/hub/session/eea6a5c9-a3f5-49ad-b19f-734fe331e537/element/c0639cc6-fcb9-483f-8dae-fcb45440b5cb/location[39m
[35m[HTTP][39m [90m{}[39m
[35m[W3C (eea6a5c9)][39m Driver proxy active, passing request on via HTTP proxy
[35m[WD Proxy][39m Replacing sessionId e4232ffb-729a-4e1a-9445-44dce03821de with eea6a5c9-a3f5-49ad-b19f-734fe331e537
[35m[HTTP][39m [37m<-- GET /wd/hub/session/eea6a5c9-a3f5-49ad-b19f-734fe331e537/element/c0639cc6-fcb9-483f-8dae-fcb45440b5cb/location [39m[32m200[39m [90m19 ms - 78[39m
[35m[HTTP][39m [90m[39m
[35m[HTTP][39m [37m-->[39m [37mPOST[39m [37m/wd/hub/session/eea6a5c9-a3f5-49ad-b19f-734fe331e537/touch/perform[39m
[35m[HTTP][39m [90m{"actions":[{"action":"tap","options":{"x":1,"y":1,"element":"c0639cc6-fcb9-483f-8dae-fcb45440b5cb"}}]}[39m
[35m[UiAutomator2][39m calling get location: c0639cc6-fcb9-483f-8dae-fcb45440b5cb
[35m[HTTP][39m [37m<-- POST /wd/hub/session/eea6a5c9-a3f5-49ad-b19f-734fe331e537/touch/perform [39m[32m200[39m [90m178 ms - 14[39m
[35m[HTTP][39m [90m[39m
[35m[HTTP][39m [37m-->[39m [37mGET[39m [37m/wd/hub/session/eea6a5c9-a3f5-49ad-b19f-734fe331e537/source[39m
[35m[HTTP][39m [90m{}[39m
[35m[W3C (eea6a5c9)][39m Driver proxy active, passing request on via HTTP proxy
[35m[WD Proxy][39m Replacing sessionId e4232ffb-729a-4e1a-9445-44dce03821de with eea6a5c9-a3f5-49ad-b19f-734fe331e537
[35m[HTTP][39m [37m<-- GET /wd/hub/session/eea6a5c9-a3f5-49ad-b19f-734fe331e537/source [39m[32m200[39m [90m742 ms - 9753[39m
[35m[HTTP][39m [90m[39m
[35m[HTTP][39m [37m-->[39m [37mGET[39m [37m/wd/hub/session/eea6a5c9-a3f5-49ad-b19f-734fe331e537/screenshot[39m
[35m[HTTP][39m [90m{}[39m
[35m[HTTP][39m [37m<-- GET /wd/hub/session/eea6a5c9-a3f5-49ad-b19f-734fe331e537/screenshot [39m[32m200[39m [90m515 ms - 100752[39m
[35m[HTTP][39m [90m[39m
[35m[HTTP][39m [37m-->[39m [37mPOST[39m [37m/wd/hub/session/eea6a5c9-a3f5-49ad-b19f-734fe331e537/elements[39m
[35m[HTTP][39m [90m{"using":"accessibility id","value":"Open navigation drawer"}[39m
[35m[HTTP][39m [37m<-- POST /wd/hub/session/eea6a5c9-a3f5-49ad-b19f-734fe331e537/elements [39m[32m200[39m [90m27 ms - 139[39m
[35m[HTTP][39m [90m[39m
[35m[HTTP][39m [37m-->[39m [37mGET[39m [37m/wd/hub/session/eea6a5c9-a3f5-49ad-b19f-734fe331e537/window/rect[39m
[35m[HTTP][39m [90m{}[39m
[35m[HTTP][39m [37m<-- GET /wd/hub/session/eea6a5c9-a3f5-49ad-b19f-734fe331e537/window/rect [39m[32m200[39m [90m14 ms - 50[39m
[35m[HTTP][39m [90m[39m
[35m[HTTP][39m [37m-->[39m [37mPOST[39m [37m/wd/hub/session/eea6a5c9-a3f5-49ad-b19f-734fe331e537/elements[39m
[35m[HTTP][39m [90m{"using":"accessibility id","value":"Open navigation drawer"}[39m
[35m[HTTP][39m [37m<-- POST /wd/hub/session/eea6a5c9-a3f5-49ad-b19f-734fe331e537/elements [39m[32m200[39m [90m23 ms - 139[39m
[35m[HTTP][39m [90m[39m
[35m[HTTP][39m [37m-->[39m [37mGET[39m [37m/wd/hub/session/eea6a5c9-a3f5-49ad-b19f-734fe331e537/element/648a142f-98f9-4709-8c8c-1a06db239a09/location[39m
[35m[HTTP][39m [90m{}[39m
[35m[W3C (eea6a5c9)][39m Driver proxy active, passing request on via HTTP proxy
[35m[WD Proxy][39m Replacing sessionId e4232ffb-729a-4e1a-9445-44dce03821de with eea6a5c9-a3f5-49ad-b19f-734fe331e537
[35m[HTTP][39m [37m<-- GET /wd/hub/session/eea6a5c9-a3f5-49ad-b19f-734fe331e537/element/648a142f-98f9-4709-8c8c-1a06db239a09/location [39m[32m200[39m [90m12 ms - 76[39m
[35m[HTTP][39m [90m[39m
[35m[HTTP][39m [37m-->[39m [37mPOST[39m [37m/wd/hub/session/eea6a5c9-a3f5-49ad-b19f-734fe331e537/touch/perform[39m
[35m[HTTP][39m [90m{"actions":[{"action":"tap","options":{"x":1,"y":1,"element":"648a142f-98f9-4709-8c8c-1a06db239a09"}}]}[39m
[35m[UiAutomator2][39m calling get location: 648a142f-98f9-4709-8c8c-1a06db239a09
[35m[HTTP][39m [37m<-- POST /wd/hub/session/eea6a5c9-a3f5-49ad-b19f-734fe331e537/touch/perform [39m[32m200[39m [90m166 ms - 14[39m
[35m[HTTP][39m [90m[39m
[35m[HTTP][39m [37m-->[39m [37mGET[39m [37m/wd/hub/session/eea6a5c9-a3f5-49ad-b19f-734fe331e537/source[39m
[35m[HTTP][39m [90m{}[39m
[35m[W3C (eea6a5c9)][39m Driver proxy active, passing request on via HTTP proxy
[35m[WD Proxy][39m Replacing sessionId e4232ffb-729a-4e1a-9445-44dce03821de with eea6a5c9-a3f5-49ad-b19f-734fe331e537
[35m[HTTP][39m [37m<-- GET /wd/hub/session/eea6a5c9-a3f5-49ad-b19f-734fe331e537/source [39m[32m200[39m [90m545 ms - 23020[39m
[35m[HTTP][39m [90m[39m
[35m[HTTP][39m [37m-->[39m [37mGET[39m [37m/wd/hub/session/eea6a5c9-a3f5-49ad-b19f-734fe331e537/screenshot[39m
[35m[HTTP][39m [90m{}[39m
[35m[HTTP][39m [37m<-- GET /wd/hub/session/eea6a5c9-a3f5-49ad-b19f-734fe331e537/screenshot [39m[32m200[39m [90m576 ms - 260894[39m
[35m[HTTP][39m [90m[39m
[35m[HTTP][39m [37m-->[39m [37mPOST[39m [37m/wd/hub/session/eea6a5c9-a3f5-49ad-b19f-734fe331e537/elements[39m
[35m[HTTP][39m [90m{"using":"id","value":"com.example.mikebanks.bankscorpfinancial:id/design_menu_item_text"}[39m
[35m[HTTP][39m [37m<-- POST /wd/hub/session/eea6a5c9-a3f5-49ad-b19f-734fe331e537/elements [39m[32m200[39m [90m45 ms - 907[39m
[35m[HTTP][39m [90m[39m
[35m[HTTP][39m [37m-->[39m [37mPOST[39m [37m/wd/hub/session/eea6a5c9-a3f5-49ad-b19f-734fe331e537/elements[39m
[35m[HTTP][39m [90m{"using":"-android uiautomator","value":"new UiSelector().className(\"android.widget.CheckedTextView\").text(\"Make a Payment\").resourceId(\"com.example.mikebanks.bankscorpfinancial:id/design_menu_item_text\").packageName(\"com.example.mikebanks.bankscorpfinancial\").enabled(true).clickable(false).longClickable(false).checkable(true).checked(false).focusable(false).focused(false).scrollable(false).selected(false).index(0)"}[39m
[35m[HTTP][39m [37m<-- POST /wd/hub/session/eea6a5c9-a3f5-49ad-b19f-734fe331e537/elements [39m[32m200[39m [90m75 ms - 139[39m
[35m[HTTP][39m [90m[39m
[35m[HTTP][39m [37m-->[39m [37mGET[39m [37m/wd/hub/session/eea6a5c9-a3f5-49ad-b19f-734fe331e537/window/rect[39m
[35m[HTTP][39m [90m{}[39m
[35m[HTTP][39m [37m<-- GET /wd/hub/session/eea6a5c9-a3f5-49ad-b19f-734fe331e537/window/rect [39m[32m200[39m [90m8 ms - 50[39m
[35m[HTTP][39m [90m[39m
[35m[HTTP][39m [37m-->[39m [37mPOST[39m [37m/wd/hub/session/eea6a5c9-a3f5-49ad-b19f-734fe331e537/elements[39m
[35m[HTTP][39m [90m{"using":"-android uiautomator","value":"new UiSelector().className(\"android.widget.CheckedTextView\").text(\"Make a Payment\").resourceId(\"com.example.mikebanks.bankscorpfinancial:id/design_menu_item_text\").packageName(\"com.example.mikebanks.bankscorpfinancial\").enabled(true).clickable(false).longClickable(false).checkable(true).checked(false).focusable(false).focused(false).scrollable(false).selected(false).index(0)"}[39m
[35m[HTTP][39m [37m<-- POST /wd/hub/session/eea6a5c9-a3f5-49ad-b19f-734fe331e537/elements [39m[32m200[39m [90m63 ms - 139[39m
[35m[HTTP][39m [90m[39m
[35m[HTTP][39m [37m-->[39m [37mGET[39m [37m/wd/hub/session/eea6a5c9-a3f5-49ad-b19f-734fe331e537/element/1b97923a-7107-43cb-b32e-d601e7df8594/location[39m
[35m[HTTP][39m [90m{}[39m
[35m[W3C (eea6a5c9)][39m Driver proxy active, passing request on via HTTP proxy
[35m[WD Proxy][39m Replacing sessionId e4232ffb-729a-4e1a-9445-44dce03821de with eea6a5c9-a3f5-49ad-b19f-734fe331e537
[35m[HTTP][39m [37m<-- GET /wd/hub/session/eea6a5c9-a3f5-49ad-b19f-734fe331e537/element/1b97923a-7107-43cb-b32e-d601e7df8594/location [39m[32m200[39m [90m32 ms - 78[39m
[35m[HTTP][39m [90m[39m
[35m[HTTP][39m [37m-->[39m [37mPOST[39m [37m/wd/hub/session/eea6a5c9-a3f5-49ad-b19f-734fe331e537/touch/perform[39m
[35m[HTTP][39m [90m{"actions":[{"action":"tap","options":{"x":1,"y":1,"element":"1b97923a-7107-43cb-b32e-d601e7df8594"}}]}[39m
[35m[UiAutomator2][39m calling get location: 1b97923a-7107-43cb-b32e-d601e7df8594
[35m[HTTP][39m [37m<-- POST /wd/hub/session/eea6a5c9-a3f5-49ad-b19f-734fe331e537/touch/perform [39m[32m200[39m [90m176 ms - 14[39m
[35m[HTTP][39m [90m[39m
[35m[HTTP][39m [37m-->[39m [37mGET[39m [37m/wd/hub/session/eea6a5c9-a3f5-49ad-b19f-734fe331e537/source[39m
[35m[HTTP][39m [90m{}[39m
[35m[W3C (eea6a5c9)][39m Driver proxy active, passing request on via HTTP proxy
[35m[WD Proxy][39m Replacing sessionId e4232ffb-729a-4e1a-9445-44dce03821de with eea6a5c9-a3f5-49ad-b19f-734fe331e537
[35m[HTTP][39m [37m<-- GET /wd/hub/session/eea6a5c9-a3f5-49ad-b19f-734fe331e537/source [39m[32m200[39m [90m468 ms - 12245[39m
[35m[HTTP][39m [90m[39m
[35m[HTTP][39m [37m-->[39m [37mGET[39m [37m/wd/hub/session/eea6a5c9-a3f5-49ad-b19f-734fe331e537/screenshot[39m
[35m[HTTP][39m [90m{}[39m
[35m[HTTP][39m [37m<-- GET /wd/hub/session/eea6a5c9-a3f5-49ad-b19f-734fe331e537/screenshot [39m[32m200[39m [90m437 ms - 109406[39m
[35m[HTTP][39m [90m[39m
[35m[HTTP][39m [37m-->[39m [37mGET[39m [37m/wd/hub/session/eea6a5c9-a3f5-49ad-b19f-734fe331e537/source[39m
[35m[HTTP][39m [90m{}[39m
[35m[W3C (eea6a5c9)][39m Driver proxy active, passing request on via HTTP proxy
[35m[WD Proxy][39m Replacing sessionId e4232ffb-729a-4e1a-9445-44dce03821de with eea6a5c9-a3f5-49ad-b19f-734fe331e537
[35m[HTTP][39m [37m<-- GET /wd/hub/session/eea6a5c9-a3f5-49ad-b19f-734fe331e537/source [39m[32m200[39m [90m75 ms - 13685[39m
[35m[HTTP][39m [90m[39m
[35m[HTTP][39m [37m-->[39m [37mGET[39m [37m/wd/hub/session/eea6a5c9-a3f5-49ad-b19f-734fe331e537/screenshot[39m
[35m[HTTP][39m [90m{}[39m
[35m[HTTP][39m [37m<-- GET /wd/hub/session/eea6a5c9-a3f5-49ad-b19f-734fe331e537/screenshot [39m[32m200[39m [90m449 ms - 114976[39m
[35m[HTTP][39m [90m[39m
[35m[HTTP][39m [37m-->[39m [37mPOST[39m [37m/wd/hub/session/eea6a5c9-a3f5-49ad-b19f-734fe331e537/elements[39m
[35m[HTTP][39m [90m{"using":"id","value":"com.example.mikebanks.bankscorpfinancial:id/edt_payment_amount"}[39m
[35m[HTTP][39m [37m<-- POST /wd/hub/session/eea6a5c9-a3f5-49ad-b19f-734fe331e537/elements [39m[32m200[39m [90m24 ms - 139[39m
[35m[HTTP][39m [90m[39m
[35m[HTTP][39m [37m-->[39m [37mGET[39m [37m/wd/hub/session/eea6a5c9-a3f5-49ad-b19f-734fe331e537/window/rect[39m
[35m[HTTP][39m [90m{}[39m
[35m[HTTP][39m [37m<-- GET /wd/hub/session/eea6a5c9-a3f5-49ad-b19f-734fe331e537/window/rect [39m[32m200[39m [90m10 ms - 50[39m
[35m[HTTP][39m [90m[39m
[35m[HTTP][39m [37m-->[39m [37mPOST[39m [37m/wd/hub/session/eea6a5c9-a3f5-49ad-b19f-734fe331e537/elements[39m
[35m[HTTP][39m [90m{"using":"id","value":"com.example.mikebanks.bankscorpfinancial:id/edt_payment_amount"}[39m
[35m[HTTP][39m [37m<-- POST /wd/hub/session/eea6a5c9-a3f5-49ad-b19f-734fe331e537/elements [39m[32m200[39m [90m19 ms - 139[39m
[35m[HTTP][39m [90m[39m
[35m[HTTP][39m [37m-->[39m [37mGET[39m [37m/wd/hub/session/eea6a5c9-a3f5-49ad-b19f-734fe331e537/element/158efee5-726c-474f-b191-64fae690d06a/location[39m
[35m[HTTP][39m [90m{}[39m
[35m[W3C (eea6a5c9)][39m Driver proxy active, passing request on via HTTP proxy
[35m[WD Proxy][39m Replacing sessionId e4232ffb-729a-4e1a-9445-44dce03821de with eea6a5c9-a3f5-49ad-b19f-734fe331e537
[35m[HTTP][39m [37m<-- GET /wd/hub/session/eea6a5c9-a3f5-49ad-b19f-734fe331e537/element/158efee5-726c-474f-b191-64fae690d06a/location [39m[32m200[39m [90m15 ms - 78[39m
[35m[HTTP][39m [90m[39m
[35m[HTTP][39m [37m-->[39m [37mPOST[39m [37m/wd/hub/session/eea6a5c9-a3f5-49ad-b19f-734fe331e537/element/158efee5-726c-474f-b191-64fae690d06a/clear[39m
[35m[HTTP][39m [90m{"id":"158efee5-726c-474f-b191-64fae690d06a"}[39m
[35m[HTTP][39m [37m<-- POST /wd/hub/session/eea6a5c9-a3f5-49ad-b19f-734fe331e537/element/158efee5-726c-474f-b191-64fae690d06a/clear [39m[32m200[39m [90m21 ms - 14[39m
[35m[HTTP][39m [90m[39m
[35m[HTTP][39m [37m-->[39m [37mPOST[39m [37m/wd/hub/session/eea6a5c9-a3f5-49ad-b19f-734fe331e537/element/158efee5-726c-474f-b191-64fae690d06a/value[39m
[35m[HTTP][39m [90m{"id":"158efee5-726c-474f-b191-64fae690d06a","text":"60","value":["6","0"]}[39m
[35m[HTTP][39m [37m<-- POST /wd/hub/session/eea6a5c9-a3f5-49ad-b19f-734fe331e537/element/158efee5-726c-474f-b191-64fae690d06a/value [39m[32m200[39m [90m540 ms - 14[39m
[35m[HTTP][39m [90m[39m
[35m[HTTP][39m [37m-->[39m [37mGET[39m [37m/wd/hub/session/eea6a5c9-a3f5-49ad-b19f-734fe331e537/source[39m
[35m[HTTP][39m [90m{}[39m
[35m[W3C (eea6a5c9)][39m Driver proxy active, passing request on via HTTP proxy
[35m[WD Proxy][39m Replacing sessionId e4232ffb-729a-4e1a-9445-44dce03821de with eea6a5c9-a3f5-49ad-b19f-734fe331e537
[35m[HTTP][39m [37m<-- GET /wd/hub/session/eea6a5c9-a3f5-49ad-b19f-734fe331e537/source [39m[32m200[39m [90m65 ms - 13681[39m
[35m[HTTP][39m [90m[39m
[35m[HTTP][39m [37m-->[39m [37mGET[39m [37m/wd/hub/session/eea6a5c9-a3f5-49ad-b19f-734fe331e537/screenshot[39m
[35m[HTTP][39m [90m{}[39m
[35m[HTTP][39m [37m<-- GET /wd/hub/session/eea6a5c9-a3f5-49ad-b19f-734fe331e537/screenshot [39m[32m200[39m [90m536 ms - 113396[39m
[35m[HTTP][39m [90m[39m
[35m[HTTP][39m [37m-->[39m [37mPOST[39m [37m/wd/hub/session/eea6a5c9-a3f5-49ad-b19f-734fe331e537/elements[39m
[35m[HTTP][39m [90m{"using":"id","value":"com.example.mikebanks.bankscorpfinancial:id/btn_make_payment"}[39m
[35m[HTTP][39m [37m<-- POST /wd/hub/session/eea6a5c9-a3f5-49ad-b19f-734fe331e537/elements [39m[32m200[39m [90m22 ms - 139[39m
[35m[HTTP][39m [90m[39m
[35m[HTTP][39m [37m-->[39m [37mGET[39m [37m/wd/hub/session/eea6a5c9-a3f5-49ad-b19f-734fe331e537/window/rect[39m
[35m[HTTP][39m [90m{}[39m
[35m[HTTP][39m [37m<-- GET /wd/hub/session/eea6a5c9-a3f5-49ad-b19f-734fe331e537/window/rect [39m[32m200[39m [90m9 ms - 50[39m
[35m[HTTP][39m [90m[39m
[35m[HTTP][39m [37m-->[39m [37mPOST[39m [37m/wd/hub/session/eea6a5c9-a3f5-49ad-b19f-734fe331e537/elements[39m
[35m[HTTP][39m [90m{"using":"id","value":"com.example.mikebanks.bankscorpfinancial:id/btn_make_payment"}[39m
[35m[HTTP][39m [37m<-- POST /wd/hub/session/eea6a5c9-a3f5-49ad-b19f-734fe331e537/elements [39m[32m200[39m [90m18 ms - 139[39m
[35m[HTTP][39m [90m[39m
[35m[HTTP][39m [37m-->[39m [37mGET[39m [37m/wd/hub/session/eea6a5c9-a3f5-49ad-b19f-734fe331e537/element/0cf129a4-04ef-4f2c-bdee-bf230a2b3654/location[39m
[35m[HTTP][39m [90m{}[39m
[35m[W3C (eea6a5c9)][39m Driver proxy active, passing request on via HTTP proxy
[35m[WD Proxy][39m Replacing sessionId e4232ffb-729a-4e1a-9445-44dce03821de with eea6a5c9-a3f5-49ad-b19f-734fe331e537
[35m[HTTP][39m [37m<-- GET /wd/hub/session/eea6a5c9-a3f5-49ad-b19f-734fe331e537/element/0cf129a4-04ef-4f2c-bdee-bf230a2b3654/location [39m[32m200[39m [90m13 ms - 79[39m
[35m[HTTP][39m [90m[39m
[35m[HTTP][39m [37m-->[39m [37mPOST[39m [37m/wd/hub/session/eea6a5c9-a3f5-49ad-b19f-734fe331e537/touch/perform[39m
[35m[HTTP][39m [90m{"actions":[{"action":"tap","options":{"x":1,"y":1,"element":"0cf129a4-04ef-4f2c-bdee-bf230a2b3654"}}]}[39m
[35m[UiAutomator2][39m calling get location: 0cf129a4-04ef-4f2c-bdee-bf230a2b3654
[35m[HTTP][39m [37m<-- POST /wd/hub/session/eea6a5c9-a3f5-49ad-b19f-734fe331e537/touch/perform [39m[32m200[39m [90m158 ms - 14[39m
[35m[HTTP][39m [90m[39m
[35m[HTTP][39m [37m-->[39m [37mGET[39m [37m/wd/hub/session/eea6a5c9-a3f5-49ad-b19f-734fe331e537/source[39m
[35m[HTTP][39m [90m{}[39m
[35m[W3C (eea6a5c9)][39m Driver proxy active, passing request on via HTTP proxy
[35m[WD Proxy][39m Replacing sessionId e4232ffb-729a-4e1a-9445-44dce03821de with eea6a5c9-a3f5-49ad-b19f-734fe331e537
[35m[HTTP][39m [37m<-- GET /wd/hub/session/eea6a5c9-a3f5-49ad-b19f-734fe331e537/source [39m[32m200[39m [90m411 ms - 14075[39m
[35m[HTTP][39m [90m[39m
[35m[HTTP][39m [37m-->[39m [37mGET[39m [37m/wd/hub/session/eea6a5c9-a3f5-49ad-b19f-734fe331e537/screenshot[39m
[35m[HTTP][39m [90m{}[39m
[35m[HTTP][39m [37m<-- GET /wd/hub/session/eea6a5c9-a3f5-49ad-b19f-734fe331e537/screenshot [39m[32m200[39m [90m504 ms - 127950[39m
[35m[HTTP][39m [90m[39m
[35m[HTTP][39m [37m-->[39m [37mDELETE[39m [37m/wd/hub/session/eea6a5c9-a3f5-49ad-b19f-734fe331e537[39m
[35m[HTTP][39m [90m{}[39m
[35m[Appium][39m Removing session eea6a5c9-a3f5-49ad-b19f-734fe331e537 from our master session list
[35m[UiAutomator2][39m Restoring hidden api policy to the device default configuration
